# JRE version: OpenJDK Runtime Environment (11.0.10) (build 11.0.10+0-b96-7249189)
# Java VM: OpenJDK 64-Bit Server VM (11.0.10+0-b96-7249189, mixed mode, tiered, compressed oops, g1 gc, windows-amd64)
Heap:
 garbage-first heap   total 315392K, used 50794K [0x0000000701c00000, 0x0000000800000000)
  region size 1024K, 15 young (15360K), 15 survivors (15360K)
 Metaspace       used 53430K, capacity 54004K, committed 54144K, reserved 1097728K
  class space    used 5999K, capacity 6211K, committed 6272K, reserved 1048576K
GC Heap History (13 events):
Event: 0.506 GC heap before
{Heap before GC invocations=0 (full 0):
 garbage-first heap   total 262144K, used 27648K [0x0000000701c00000, 0x0000000800000000)
  region size 1024K, 24 young (24576K), 0 survivors (0K)
 Metaspace       used 12302K, capacity 12405K, committed 12544K, reserved 1060864K
  class space    used 1154K, capacity 1174K, committed 1280K, reserved 1048576K
}
Event: 0.509 GC heap after
{Heap after GC invocations=1 (full 0):
 garbage-first heap   total 262144K, used 5685K [0x0000000701c00000, 0x0000000800000000)
  region size 1024K, 3 young (3072K), 3 survivors (3072K)
 Metaspace       used 12302K, capacity 12405K, committed 12544K, reserved 1060864K
  class space    used 1154K, capacity 1174K, committed 1280K, reserved 1048576K
}
Event: 1.045 GC heap before
{Heap before GC invocations=1 (full 0):
 garbage-first heap   total 262144K, used 41525K [0x0000000701c00000, 0x0000000800000000)
  region size 1024K, 39 young (39936K), 3 survivors (3072K)
 Metaspace       used 20884K, capacity 21038K, committed 21248K, reserved 1069056K
  class space    used 2219K, capacity 2286K, committed 2304K, reserved 1048576K
}
Event: 1.055 GC heap after
{Heap after GC invocations=2 (full 0):
 garbage-first heap   total 262144K, used 9433K [0x0000000701c00000, 0x0000000800000000)
  region size 1024K, 7 young (7168K), 7 survivors (7168K)
 Metaspace       used 20884K, capacity 21038K, committed 21248K, reserved 1069056K
  class space    used 2219K, capacity 2286K, committed 2304K, reserved 1048576K
}
Event: 1.814 GC heap before
{Heap before GC invocations=3 (full 0):
 garbage-first heap   total 262144K, used 72921K [0x0000000701c00000, 0x0000000800000000)
  region size 1024K, 57 young (58368K), 7 survivors (7168K)
 Metaspace       used 31120K, capacity 31536K, committed 31872K, reserved 1077248K
  class space    used 3693K, capacity 3857K, committed 3968K, reserved 1048576K
}
Event: 1.825 GC heap after
{Heap after GC invocations=4 (full 0):
 garbage-first heap   total 262144K, used 23628K [0x0000000701c00000, 0x0000000800000000)
  region size 1024K, 8 young (8192K), 8 survivors (8192K)
 Metaspace       used 31120K, capacity 31536K, committed 31872K, reserved 1077248K
  class space    used 3693K, capacity 3857K, committed 3968K, reserved 1048576K
}
Event: 2.029 GC heap before
{Heap before GC invocations=4 (full 0):
 garbage-first heap   total 262144K, used 38988K [0x0000000701c00000, 0x0000000800000000)
  region size 1024K, 23 young (23552K), 8 survivors (8192K)
 Metaspace       used 34297K, capacity 34782K, committed 34944K, reserved 1079296K
  class space    used 4031K, capacity 4214K, committed 4224K, reserved 1048576K
}
Event: 2.036 GC heap after
{Heap after GC invocations=5 (full 0):
 garbage-first heap   total 262144K, used 23411K [0x0000000701c00000, 0x0000000800000000)
  region size 1024K, 2 young (2048K), 2 survivors (2048K)
 Metaspace       used 34297K, capacity 34782K, committed 34944K, reserved 1079296K
  class space    used 4031K, capacity 4214K, committed 4224K, reserved 1048576K
}
Event: 2.085 GC heap before
{Heap before GC invocations=5 (full 0):
 garbage-first heap   total 262144K, used 27507K [0x0000000701c00000, 0x0000000800000000)
  region size 1024K, 7 young (7168K), 2 survivors (2048K)
 Metaspace       used 34988K, capacity 35439K, committed 35584K, reserved 1081344K
  class space    used 4100K, capacity 4283K, committed 4352K, reserved 1048576K
}
Event: 2.087 GC heap after
{Heap after GC invocations=6 (full 0):
 garbage-first heap   total 262144K, used 23787K [0x0000000701c00000, 0x0000000800000000)
  region size 1024K, 3 young (3072K), 3 survivors (3072K)
 Metaspace       used 34988K, capacity 35439K, committed 35584K, reserved 1081344K
  class space    used 4100K, capacity 4283K, committed 4352K, reserved 1048576K
}
Event: 3.090 GC heap before
{Heap before GC invocations=7 (full 0):
 garbage-first heap   total 262144K, used 96491K [0x0000000701c00000, 0x0000000800000000)
  region size 1024K, 71 young (72704K), 3 survivors (3072K)
 Metaspace       used 46606K, capacity 47133K, committed 47360K, reserved 1091584K
  class space    used 5430K, capacity 5627K, committed 5632K, reserved 1048576K
}
Event: 3.102 GC heap after
{Heap after GC invocations=8 (full 0):
 garbage-first heap   total 262144K, used 35943K [0x0000000701c00000, 0x0000000800000000)
  region size 1024K, 9 young (9216K), 9 survivors (9216K)
 Metaspace       used 46606K, capacity 47133K, committed 47360K, reserved 1091584K
  class space    used 5430K, capacity 5627K, committed 5632K, reserved 1048576K
}
Event: 4.828 GC heap before
{Heap before GC invocations=8 (full 0):
 garbage-first heap   total 262144K, used 142439K [0x0000000701c00000, 0x0000000800000000)
  region size 1024K, 113 young (115712K), 9 survivors (9216K)
 Metaspace       used 53430K, capacity 54004K, committed 54144K, reserved 1097728K
  class space    used 5999K, capacity 6211K, committed 6272K, reserved 1048576K
}

